c:\code\game-engine-rpg\gameenginerpg\gameenginerpg\x64\debug\vc143.pdb
c:\code\game-engine-rpg\gameenginerpg\gameenginerpg\x64\debug\vc143.idb
c:\code\game-engine-rpg\gameenginerpg\gameenginerpg\x64\debug\warrior.obj
c:\code\game-engine-rpg\gameenginerpg\gameenginerpg\x64\debug\renderer.obj
c:\code\game-engine-rpg\gameenginerpg\gameenginerpg\x64\debug\monster.obj
c:\code\game-engine-rpg\gameenginerpg\gameenginerpg\x64\debug\map.obj
c:\code\game-engine-rpg\gameenginerpg\gameenginerpg\x64\debug\main.obj
c:\code\game-engine-rpg\gameenginerpg\gameenginerpg\x64\debug\goblin.obj
c:\code\game-engine-rpg\gameenginerpg\gameenginerpg\x64\debug\character.obj
c:\code\game-engine-rpg\gameenginerpg\gameenginerpg\x64\debug\camera.obj
c:\code\game-engine-rpg\gameenginerpg\gameenginerpg\x64\debug\adventurer.obj
c:\code\game-engine-rpg\gameenginerpg\gameenginerpg\x64\debug\glad.obj
c:\code\game-engine-rpg\gameenginerpg\gameenginerpg\x64\debug\gameenginerpg.ilk
c:\code\game-engine-rpg\gameenginerpg\x64\debug\gameenginerpg.pdb
c:\code\game-engine-rpg\gameenginerpg\gameenginerpg\x64\debug\gameenginerpg.tlog\cl.command.1.tlog
c:\code\game-engine-rpg\gameenginerpg\gameenginerpg\x64\debug\gameenginerpg.tlog\cl.items.tlog
c:\code\game-engine-rpg\gameenginerpg\gameenginerpg\x64\debug\gameenginerpg.tlog\cl.read.1.tlog
c:\code\game-engine-rpg\gameenginerpg\gameenginerpg\x64\debug\gameenginerpg.tlog\cl.write.1.tlog
c:\code\game-engine-rpg\gameenginerpg\gameenginerpg\x64\debug\gameenginerpg.tlog\link-cvtres.read.1.tlog
c:\code\game-engine-rpg\gameenginerpg\gameenginerpg\x64\debug\gameenginerpg.tlog\link-cvtres.write.1.tlog
c:\code\game-engine-rpg\gameenginerpg\gameenginerpg\x64\debug\gameenginerpg.tlog\link-rc.read.1.tlog
c:\code\game-engine-rpg\gameenginerpg\gameenginerpg\x64\debug\gameenginerpg.tlog\link-rc.write.1.tlog
c:\code\game-engine-rpg\gameenginerpg\gameenginerpg\x64\debug\gameenginerpg.tlog\link.14860-cvtres.read.1.tlog
c:\code\game-engine-rpg\gameenginerpg\gameenginerpg\x64\debug\gameenginerpg.tlog\link.14860-cvtres.write.1.tlog
c:\code\game-engine-rpg\gameenginerpg\gameenginerpg\x64\debug\gameenginerpg.tlog\link.14860-rc.read.1.tlog
c:\code\game-engine-rpg\gameenginerpg\gameenginerpg\x64\debug\gameenginerpg.tlog\link.14860-rc.write.1.tlog
c:\code\game-engine-rpg\gameenginerpg\gameenginerpg\x64\debug\gameenginerpg.tlog\link.14860.read.1.tlog
c:\code\game-engine-rpg\gameenginerpg\gameenginerpg\x64\debug\gameenginerpg.tlog\link.14860.read.2.tlog
c:\code\game-engine-rpg\gameenginerpg\gameenginerpg\x64\debug\gameenginerpg.tlog\link.14860.write.1.tlog
c:\code\game-engine-rpg\gameenginerpg\gameenginerpg\x64\debug\gameenginerpg.tlog\link.command.1.tlog
c:\code\game-engine-rpg\gameenginerpg\gameenginerpg\x64\debug\gameenginerpg.tlog\link.read.1.tlog
c:\code\game-engine-rpg\gameenginerpg\gameenginerpg\x64\debug\gameenginerpg.tlog\link.read.2.tlog
c:\code\game-engine-rpg\gameenginerpg\gameenginerpg\x64\debug\gameenginerpg.tlog\link.secondary.1.tlog
c:\code\game-engine-rpg\gameenginerpg\gameenginerpg\x64\debug\gameenginerpg.tlog\link.write.1.tlog
